C51 COMPILER V9.54   MAIN                                                                  03/31/2026 21:20:37 PAGE 1   


C51 COMPILER V9.54, COMPILATION OF MODULE MAIN
OBJECT MODULE PLACED IN .\Objects\main.obj
COMPILER INVOKED BY: D:\Keil_v5\C51\BIN\C51.EXE main.c OPTIMIZE(8,SPEED) BROWSE DEBUG OBJECTEXTEND PRINT(.\Listings\main
                    -.lst) OBJECT(.\Objects\main.obj)

line level    source

   1          #include <REGX52.H>
   2          #include "UART.h"
   3          #include "AT24C02.h"
   4          #include "Delay.h"
   5          #include "LCD1602.h"
   6          
   7          // 缓冲区设为16，刚好对应LCD1602一行的长度
   8          unsigned char RxBuf[16]; 
   9          unsigned char RxIndex = 0; // 记录当前存到了第几个字符
  10          bit RxFlag = 0;  // 接收完成标志：0表示没收完，1表示收完(遇到回车)
  11          
  12          void main()
  13          {
  14   1              unsigned char i;
  15   1              unsigned char readData;
  16   1              
  17   1              UART_Init(); // 初始化串口
  18   1              LCD_Init();  // 初始化LCD
  19   1              
  20   1              //
  21   1              // 单片机上电，先去 EEPROM 里读出上次保存的数据
  22   1              //
  23   1              LCD_ShowString(1, 1, "EEPROM Data:");
  24   1              UART_SendString("EEPROM Data:\r\n");
  25   1              
  26   1              // 挨个读取，最多读16个字符
  27   1              for (i = 0; i < 16; i++)
  28   1              {
  29   2                      readData = AT24C02_ReadByte(i);
  30   2                      
  31   2                      // 如果读到结束符 \0 或者芯片空白处 0xFF，说明数据读完了
  32   2                      if (readData == '\0' || readData == 0xFF) 
  33   2                      {
  34   3                              RxBuf[i] = '\0'; // 加上结束符
  35   3                              break;           // 退出读取循环
  36   3                      }
  37   2                      RxBuf[i] = readData; // 存入数组
  38   2              }
  39   1              
  40   1              // 把读出来的老数据，同时显示在LCD第二行和电脑串口上
  41   1              LCD_ShowString(2, 1, RxBuf);
  42   1              UART_SendString(RxBuf);
  43   1              UART_SendString("\r\nWait New Data...\r\n");
  44   1      
  45   1              //
  46   1              // 主循环，一直等待串口发来新数据，然后保存
  47   1              //
  48   1              while (1)
  49   1              {
  50   2                      // RxFlag == 1 说明中断函数里收到回车键，数据接收完毕
  51   2                      if (RxFlag == 1)
  52   2                      {
  53   3                              LCD_Init(); // 重新初始化LCD，相当于一键清屏
  54   3                              LCD_ShowString(1, 1, "Saving...");
C51 COMPILER V9.54   MAIN                                                                  03/31/2026 21:20:37 PAGE 2   

  55   3                              UART_SendString("Saving...\r\n");
  56   3                              
  57   3                              // 把刚才收到的字符串，挨个写进 EEPROM
  58   3                              for (i = 0; i <= RxIndex; i++)
  59   3                              {
  60   4                                      AT24C02_WriteByte(i, RxBuf[i]);
  61   4                                      Delay(5); // 硬件要求：写EEPROM必须等5ms
  62   4                              }
  63   3                              
  64   3                              LCD_ShowString(2, 1, "Save OK!");
  65   3                              UART_SendString("Save OK!\r\n");
  66   3                              
  67   3                              // 保存完，清零变量，准备迎接下一次接收
  68   3                              RxIndex = 0;
  69   3                              RxFlag = 0;
  70   3                      }
  71   2              }
  72   1      }
  73          
  74          
  75          // 串口中断函数：电脑发来一个字母，这里就执行一次
  76          
  77          void UART_Routine() interrupt 4
  78          {
  79   1              if (RI == 1) // 如果是接收中断
  80   1              {
  81   2                      RI = 0;  // 必须手动清零标志位
  82   2                      
  83   2                      // 如果上一次的数据已经处理完了 (RxFlag == 0)
  84   2                      if (RxFlag == 0) 
  85   2                      {
  86   3                              // 如果收到了回车键（\n 或 \r），说明电脑发完了一句话
  87   3                              if (SBUF == '\n' || SBUF == '\r')
  88   3                              {
  89   4                                      RxBuf[RxIndex] = '\0'; // 把回车键替换成字符串结束符 \0
  90   4                                      RxFlag = 1;            // 举起标志位，通知 main 函数保存
  91   4                              }
  92   3                              // 如果不是回车，且数组还没满（留最后一位给 \0）
  93   3                              else if (RxIndex < 15)
  94   3                              {
  95   4                                      RxBuf[RxIndex] = SBUF; // 存入数组
  96   4                                      RxIndex++;             // 索引后移一位
  97   4                              }
  98   3                      }
  99   2              }
 100   1      }


MODULE INFORMATION:   STATIC OVERLAYABLE
   CODE SIZE        =    253    ----
   CONSTANT SIZE    =     91    ----
   XDATA SIZE       =   ----    ----
   PDATA SIZE       =   ----    ----
   DATA SIZE        =     17       2
   IDATA SIZE       =   ----    ----
   BIT SIZE         =      1    ----
END OF MODULE INFORMATION.


C51 COMPILATION COMPLETE.  0 WARNING(S),  0 ERROR(S)
