C51 COMPILER V9.54   UART                                                                  03/31/2026 21:20:37 PAGE 1   


C51 COMPILER V9.54, COMPILATION OF MODULE UART
OBJECT MODULE PLACED IN .\Objects\UART.obj
COMPILER INVOKED BY: D:\Keil_v5\C51\BIN\C51.EXE UART.c OPTIMIZE(8,SPEED) BROWSE DEBUG OBJECTEXTEND PRINT(.\Listings\UART
                    -.lst) OBJECT(.\Objects\UART.obj)

line level    source

   1          #include <REGX52.H>
   2          
   3          void UART_Init(void)    //9600bps@11.0592MHz
   4          {
   5   1          PCON &= 0x7F;
   6   1          SCON = 0x50;
   7   1          TMOD &= 0x0F;
   8   1          TMOD |= 0x20;
   9   1          TL1 = 0xFD;
  10   1          TH1 = 0xFD;
  11   1          ET1 = 0;
  12   1          TR1 = 1;
  13   1          EA = 1;
  14   1          ES = 1;
  15   1      }
  16          
  17          void UART_SendByte(unsigned char Byte)
  18          {
  19   1          SBUF = Byte;
  20   1          while(TI == 0);
  21   1          TI = 0;
  22   1      }
  23          
  24          
  25          void UART_SendString(char *String)
  26          {
  27   1          while(*String)
  28   1          {
  29   2              UART_SendByte(*String++);
  30   2          }
  31   1      }


MODULE INFORMATION:   STATIC OVERLAYABLE
   CODE SIZE        =     72    ----
   CONSTANT SIZE    =   ----    ----
   XDATA SIZE       =   ----    ----
   PDATA SIZE       =   ----    ----
   DATA SIZE        =   ----       3
   IDATA SIZE       =   ----    ----
   BIT SIZE         =   ----    ----
END OF MODULE INFORMATION.


C51 COMPILATION COMPLETE.  0 WARNING(S),  0 ERROR(S)
